<?xml version="1.0" encoding="UTF-8"?>
<!-- Generated by org.testng.reporters.JUnitReportReporter -->
<testsuite skipped="0" hostname="ghost1" name="master" tests="1" failures="0" timestamp="2019-03-29T13:30:01 IST" time="21.204" errors="0">
  <testcase name="open_browerser" time="21.204" classname="master"/>
</testsuite> <!-- master -->
